#! /usr/local/bin/vvp
:ivl_version "12.0 (stable)";
:ivl_delay_selection "TYPICAL";
:vpi_time_precision + 0;
:vpi_module "/usr/local/lib/ivl/system.vpi";
:vpi_module "/usr/local/lib/ivl/vhdl_sys.vpi";
:vpi_module "/usr/local/lib/ivl/vhdl_textio.vpi";
:vpi_module "/usr/local/lib/ivl/v2005_math.vpi";
:vpi_module "/usr/local/lib/ivl/va_math.vpi";
:vpi_module "/usr/local/lib/ivl/v2009.vpi";
S_0x31e3a580 .scope package, "$unit" "$unit" 2 1;
 .timescale 0 0;
S_0x31e3a710 .scope module, "tb_traffic_light" "tb_traffic_light" 3 1;
 .timescale 0 0;
v0x31e77620_0 .var "clk", 0 0;
v0x31e776c0_0 .var "rst", 0 0;
v0x31e77790_0 .net "y", 1 0, v0x31e77470_0;  1 drivers
S_0x31e642c0 .scope module, "uut" "traffic_light" 3 4, 4 2 0, S_0x31e3a710;
 .timescale 0 0;
    .port_info 0 /INPUT 1 "clk";
    .port_info 1 /INPUT 1 "rst";
    .port_info 2 /OUTPUT 2 "y";
P_0x31e644a0 .param/l "green" 0 4 7, C4<01>;
P_0x31e644e0 .param/l "red" 0 4 6, C4<00>;
P_0x31e64520 .param/l "yellow" 0 4 8, C4<10>;
v0x31e28240_0 .net "clk", 0 0, v0x31e77620_0;  1 drivers
v0x31e771e0_0 .var "counter", 3 0;
v0x31e772c0_0 .net "rst", 0 0, v0x31e776c0_0;  1 drivers
v0x31e77390_0 .var "state", 1 0;
v0x31e77470_0 .var "y", 1 0;
E_0x31e646b0 .event posedge, v0x31e772c0_0, v0x31e28240_0;
    .scope S_0x31e642c0;
T_0 ;
    %wait E_0x31e646b0;
    %load/vec4 v0x31e772c0_0;
    %pad/u 32;
    %cmpi/e 1, 0, 32;
    %jmp/0xz  T_0.0, 4;
    %pushi/vec4 0, 0, 2;
    %assign/vec4 v0x31e77390_0, 0;
    %pushi/vec4 0, 0, 4;
    %assign/vec4 v0x31e771e0_0, 0;
    %load/vec4 v0x31e77390_0;
    %assign/vec4 v0x31e77470_0, 0;
    %jmp T_0.1;
T_0.0 ;
    %load/vec4 v0x31e771e0_0;
    %addi 1, 0, 4;
    %assign/vec4 v0x31e771e0_0, 0;
    %load/vec4 v0x31e77390_0;
    %dup/vec4;
    %pushi/vec4 0, 0, 2;
    %cmp/u;
    %jmp/1 T_0.2, 6;
    %dup/vec4;
    %pushi/vec4 1, 0, 2;
    %cmp/u;
    %jmp/1 T_0.3, 6;
    %dup/vec4;
    %pushi/vec4 2, 0, 2;
    %cmp/u;
    %jmp/1 T_0.4, 6;
    %pushi/vec4 0, 0, 2;
    %assign/vec4 v0x31e77390_0, 0;
    %load/vec4 v0x31e77390_0;
    %assign/vec4 v0x31e77470_0, 0;
    %jmp T_0.6;
T_0.2 ;
    %load/vec4 v0x31e771e0_0;
    %cmpi/e 9, 0, 4;
    %jmp/0xz  T_0.7, 4;
    %pushi/vec4 1, 0, 2;
    %assign/vec4 v0x31e77390_0, 0;
    %pushi/vec4 0, 0, 4;
    %assign/vec4 v0x31e771e0_0, 0;
    %jmp T_0.8;
T_0.7 ;
    %pushi/vec4 0, 0, 2;
    %assign/vec4 v0x31e77390_0, 0;
    %load/vec4 v0x31e77390_0;
    %assign/vec4 v0x31e77470_0, 0;
T_0.8 ;
    %jmp T_0.6;
T_0.3 ;
    %load/vec4 v0x31e771e0_0;
    %cmpi/e 7, 0, 4;
    %jmp/0xz  T_0.9, 4;
    %pushi/vec4 2, 0, 2;
    %assign/vec4 v0x31e77390_0, 0;
    %pushi/vec4 0, 0, 4;
    %assign/vec4 v0x31e771e0_0, 0;
    %jmp T_0.10;
T_0.9 ;
    %pushi/vec4 1, 0, 2;
    %assign/vec4 v0x31e77390_0, 0;
    %load/vec4 v0x31e77390_0;
    %assign/vec4 v0x31e77470_0, 0;
T_0.10 ;
    %jmp T_0.6;
T_0.4 ;
    %load/vec4 v0x31e771e0_0;
    %cmpi/e 4, 0, 4;
    %jmp/0xz  T_0.11, 4;
    %pushi/vec4 0, 0, 2;
    %assign/vec4 v0x31e77390_0, 0;
    %pushi/vec4 0, 0, 4;
    %assign/vec4 v0x31e771e0_0, 0;
    %jmp T_0.12;
T_0.11 ;
    %pushi/vec4 2, 0, 2;
    %assign/vec4 v0x31e77390_0, 0;
    %load/vec4 v0x31e77390_0;
    %assign/vec4 v0x31e77470_0, 0;
T_0.12 ;
    %jmp T_0.6;
T_0.6 ;
    %pop/vec4 1;
T_0.1 ;
    %jmp T_0;
    .thread T_0;
    .scope S_0x31e3a710;
T_1 ;
    %delay 10, 0;
    %load/vec4 v0x31e77620_0;
    %inv;
    %store/vec4 v0x31e77620_0, 0, 1;
    %jmp T_1;
    .thread T_1;
    .scope S_0x31e3a710;
T_2 ;
    %vpi_call/w 3 7 "$dumpfile", "traffic_light.vcd" {0 0 0};
    %vpi_call/w 3 8 "$dumpvars", 32'sb00000000000000000000000000000000, S_0x31e3a710 {0 0 0};
    %pushi/vec4 0, 0, 1;
    %store/vec4 v0x31e77620_0, 0, 1;
    %pushi/vec4 1, 0, 1;
    %store/vec4 v0x31e776c0_0, 0, 1;
    %delay 20, 0;
    %pushi/vec4 0, 0, 1;
    %store/vec4 v0x31e776c0_0, 0, 1;
    %delay 400, 0;
    %vpi_call/w 3 14 "$finish" {0 0 0};
    %end;
    .thread T_2;
# The file index is used to find the file name in the following table.
:file_names 5;
    "N/A";
    "<interactive>";
    "-";
    "testbench.sv";
    "design.sv";
